mode: atomic
github.com/hongkongkiwi/actionlint-mcp/main.go:49.156,54.37 4 174
github.com/hongkongkiwi/actionlint-mcp/main.go:54.37,57.17 3 39
github.com/hongkongkiwi/actionlint-mcp/main.go:57.17,59.4 1 4
github.com/hongkongkiwi/actionlint-mcp/main.go:60.8,60.43 1 135
github.com/hongkongkiwi/actionlint-mcp/main.go:60.43,63.3 2 130
github.com/hongkongkiwi/actionlint-mcp/main.go:63.8,65.3 1 5
github.com/hongkongkiwi/actionlint-mcp/main.go:68.2,69.55 2 165
github.com/hongkongkiwi/actionlint-mcp/main.go:69.55,71.3 1 164
github.com/hongkongkiwi/actionlint-mcp/main.go:73.2,81.16 3 165
github.com/hongkongkiwi/actionlint-mcp/main.go:81.16,83.3 1 0
github.com/hongkongkiwi/actionlint-mcp/main.go:86.2,87.16 2 165
github.com/hongkongkiwi/actionlint-mcp/main.go:87.16,89.3 1 0
github.com/hongkongkiwi/actionlint-mcp/main.go:92.2,98.25 2 165
github.com/hongkongkiwi/actionlint-mcp/main.go:98.25,109.17 4 27
github.com/hongkongkiwi/actionlint-mcp/main.go:110.37,111.30 1 7
github.com/hongkongkiwi/actionlint-mcp/main.go:112.33,113.32 1 1
github.com/hongkongkiwi/actionlint-mcp/main.go:114.11,115.29 1 19
github.com/hongkongkiwi/actionlint-mcp/main.go:118.3,118.49 1 27
github.com/hongkongkiwi/actionlint-mcp/main.go:122.2,123.16 2 165
github.com/hongkongkiwi/actionlint-mcp/main.go:123.16,125.3 1 0
github.com/hongkongkiwi/actionlint-mcp/main.go:127.2,133.8 1 165
github.com/hongkongkiwi/actionlint-mcp/main.go:136.166,138.38 2 10
github.com/hongkongkiwi/actionlint-mcp/main.go:138.38,140.3 1 9
github.com/hongkongkiwi/actionlint-mcp/main.go:143.2,150.21 6 10
github.com/hongkongkiwi/actionlint-mcp/main.go:150.21,158.3 1 5
github.com/hongkongkiwi/actionlint-mcp/main.go:161.2,163.29 2 5
github.com/hongkongkiwi/actionlint-mcp/main.go:163.29,172.17 3 27
github.com/hongkongkiwi/actionlint-mcp/main.go:172.17,181.12 2 0
github.com/hongkongkiwi/actionlint-mcp/main.go:185.3,186.30 2 27
github.com/hongkongkiwi/actionlint-mcp/main.go:186.30,187.67 1 27
github.com/hongkongkiwi/actionlint-mcp/main.go:187.67,188.81 1 27
github.com/hongkongkiwi/actionlint-mcp/main.go:188.81,190.6 1 27
github.com/hongkongkiwi/actionlint-mcp/main.go:196.2,203.36 2 5
github.com/hongkongkiwi/actionlint-mcp/main.go:203.36,204.20 1 27
github.com/hongkongkiwi/actionlint-mcp/main.go:204.20,207.4 2 2
github.com/hongkongkiwi/actionlint-mcp/main.go:210.2,211.16 2 5
github.com/hongkongkiwi/actionlint-mcp/main.go:211.16,213.3 1 0
github.com/hongkongkiwi/actionlint-mcp/main.go:215.2,221.8 1 5
github.com/hongkongkiwi/actionlint-mcp/main.go:224.13,230.18 3 0
github.com/hongkongkiwi/actionlint-mcp/main.go:230.18,236.3 5 0
github.com/hongkongkiwi/actionlint-mcp/main.go:239.2,287.82 6 0
github.com/hongkongkiwi/actionlint-mcp/main.go:287.82,289.3 1 0
